<?xml version="1.0" encoding="UTF-8"?>
<!-- Generated by org.testng.reporters.JUnitXMLReporter -->
<testsuite hostname="DESKTOP-NFGD8FV" ignored="1" name="Command line test" tests="1" failures="0" timestamp="31 Jul 2018 12:40:16 GMT" time="87.096" errors="0">
  <testcase name="testLogin" time="85.541" classname="com.sysco.auto_test.tests.LoginTest"/>
  <testcase name="@BeforeTest beforeTest" time="0.0" classname="com.sysco.auto_test.utils.TestBase">
    <ignored/>
  </testcase> <!-- @BeforeTest beforeTest -->
</testsuite> <!-- Command line test -->
